09:29:44.433 INFO  AUTOMATION - Executed at the beginning of everything...
09:29:44.738 INFO  AUTOMATION - Executed at the beginning of each scenario...
09:29:44.855 INFO  AUTOMATION - Executed at the end of each scenario, the result is: PASSED
09:29:44.906 INFO  AUTOMATION - Executed at the beginning of each scenario...
09:29:44.914 INFO  AUTOMATION - Executed at the end of each scenario, the result is: PASSED
09:29:44.951 INFO  AUTOMATION - Executed at the beginning of each scenario...
09:29:44.973 INFO  AUTOMATION - Executed at the end of each scenario, the result is: PASSED
09:29:45.071 INFO  AUTOMATION - Executed at the beginning of each scenario...
09:29:45.072 DEBUG AUTOMATION - Getting the products list from Excel
09:29:45.428 DEBUG org.apache.poi.openxml4j.opc.PackageRelationshipCollection - Parsing relationship: /xl/_rels/workbook.xml.rels
09:29:45.664 DEBUG org.apache.poi.openxml4j.opc.PackageRelationshipCollection - Parsing relationship: /_rels/.rels
09:29:46.752 DEBUG org.apache.poi.openxml4j.opc.OPCPackage - The close() method is intended to SAVE a package. This package is open in READ ONLY mode, use the revert() method instead!
09:29:46.785 INFO  AUTOMATION - Executed at the end of each scenario, the result is: PASSED
09:29:46.826 INFO  AUTOMATION - Executed at the beginning of each scenario...
09:29:46.826 DEBUG AUTOMATION - Getting the products list from Excel
09:29:46.859 DEBUG org.apache.poi.openxml4j.opc.PackageRelationshipCollection - Parsing relationship: /xl/_rels/workbook.xml.rels
09:29:46.872 DEBUG org.apache.poi.openxml4j.opc.PackageRelationshipCollection - Parsing relationship: /_rels/.rels
09:29:47.128 DEBUG org.apache.poi.openxml4j.opc.OPCPackage - The close() method is intended to SAVE a package. This package is open in READ ONLY mode, use the revert() method instead!
09:29:47.161 INFO  AUTOMATION - Executed at the end of each scenario, the result is: PASSED
09:29:47.200 INFO  AUTOMATION - Executed at the beginning of each scenario...
09:29:47.202 DEBUG AUTOMATION - Getting the products list from Excel
09:29:47.276 DEBUG org.apache.poi.openxml4j.opc.PackageRelationshipCollection - Parsing relationship: /xl/_rels/workbook.xml.rels
09:29:47.300 DEBUG org.apache.poi.openxml4j.opc.PackageRelationshipCollection - Parsing relationship: /_rels/.rels
09:29:47.508 DEBUG org.apache.poi.openxml4j.opc.OPCPackage - The close() method is intended to SAVE a package. This package is open in READ ONLY mode, use the revert() method instead!
09:29:47.513 INFO  AUTOMATION - Executed at the end of each scenario, the result is: PASSED
09:29:47.532 INFO  AUTOMATION - Executed at the beginning of each scenario...
09:29:47.533 DEBUG AUTOMATION - Getting the products list from Excel
09:29:47.590 DEBUG org.apache.poi.openxml4j.opc.PackageRelationshipCollection - Parsing relationship: /xl/_rels/workbook.xml.rels
09:29:47.597 DEBUG org.apache.poi.openxml4j.opc.PackageRelationshipCollection - Parsing relationship: /_rels/.rels
09:29:47.760 DEBUG org.apache.poi.openxml4j.opc.OPCPackage - The close() method is intended to SAVE a package. This package is open in READ ONLY mode, use the revert() method instead!
09:29:47.845 INFO  AUTOMATION - Executed at the end of each scenario, the result is: FAILED
09:29:47.889 INFO  AUTOMATION - Executed at the beginning of each scenario...
09:29:47.890 DEBUG AUTOMATION - Getting the products list from Excel
09:29:47.938 DEBUG org.apache.poi.openxml4j.opc.PackageRelationshipCollection - Parsing relationship: /xl/_rels/workbook.xml.rels
09:29:47.945 DEBUG org.apache.poi.openxml4j.opc.PackageRelationshipCollection - Parsing relationship: /_rels/.rels
09:29:48.109 DEBUG org.apache.poi.openxml4j.opc.OPCPackage - The close() method is intended to SAVE a package. This package is open in READ ONLY mode, use the revert() method instead!
09:29:48.128 INFO  AUTOMATION - Executed at the end of each scenario, the result is: FAILED
09:29:48.156 INFO  AUTOMATION - Executed at the beginning of each scenario...
09:29:48.159 DEBUG AUTOMATION - Getting the products list from Excel
09:29:48.212 DEBUG org.apache.poi.openxml4j.opc.PackageRelationshipCollection - Parsing relationship: /xl/_rels/workbook.xml.rels
09:29:48.230 DEBUG org.apache.poi.openxml4j.opc.PackageRelationshipCollection - Parsing relationship: /_rels/.rels
09:29:48.305 DEBUG org.apache.poi.openxml4j.opc.OPCPackage - The close() method is intended to SAVE a package. This package is open in READ ONLY mode, use the revert() method instead!
09:29:48.316 INFO  AUTOMATION - Executed at the end of each scenario, the result is: FAILED
09:29:48.332 INFO  AUTOMATION - Executed at the beginning of each scenario...
09:29:48.333 DEBUG AUTOMATION - Getting the products list from Excel
09:29:48.393 DEBUG org.apache.poi.openxml4j.opc.PackageRelationshipCollection - Parsing relationship: /xl/_rels/workbook.xml.rels
09:29:48.408 DEBUG org.apache.poi.openxml4j.opc.PackageRelationshipCollection - Parsing relationship: /_rels/.rels
09:29:48.484 DEBUG org.apache.poi.openxml4j.opc.OPCPackage - The close() method is intended to SAVE a package. This package is open in READ ONLY mode, use the revert() method instead!
09:29:48.508 INFO  AUTOMATION - Executed at the end of each scenario, the result is: FAILED
09:29:48.531 INFO  AUTOMATION - Executed at the beginning of each scenario...
09:29:48.532 DEBUG AUTOMATION - Reading the user
09:29:49.025 INFO  AUTOMATION - Executed at the end of each scenario, the result is: PASSED
09:29:49.037 INFO  AUTOMATION - Executed at the beginning of each scenario...
09:29:49.038 DEBUG AUTOMATION - Reading the user
09:29:49.058 INFO  AUTOMATION - Executed at the end of each scenario, the result is: PASSED
09:29:49.079 INFO  AUTOMATION - Executed at the beginning of each scenario...
09:29:49.079 DEBUG AUTOMATION - Reading the user
09:29:49.113 INFO  AUTOMATION - Executed at the end of each scenario, the result is: PASSED
09:29:49.121 INFO  AUTOMATION - Executed at the end of everything...
