09:29:44.433 INFO  AUTOMATION - Executed at the beginning of everything...
09:29:44.738 INFO  AUTOMATION - Executed at the beginning of each scenario...
09:29:44.855 INFO  AUTOMATION - Executed at the end of each scenario, the result is: PASSED
09:29:44.906 INFO  AUTOMATION - Executed at the beginning of each scenario...
09:29:44.914 INFO  AUTOMATION - Executed at the end of each scenario, the result is: PASSED
09:29:44.951 INFO  AUTOMATION - Executed at the beginning of each scenario...
09:29:44.973 INFO  AUTOMATION - Executed at the end of each scenario, the result is: PASSED
09:29:45.071 INFO  AUTOMATION - Executed at the beginning of each scenario...
09:29:46.785 INFO  AUTOMATION - Executed at the end of each scenario, the result is: PASSED
09:29:46.826 INFO  AUTOMATION - Executed at the beginning of each scenario...
09:29:47.161 INFO  AUTOMATION - Executed at the end of each scenario, the result is: PASSED
09:29:47.200 INFO  AUTOMATION - Executed at the beginning of each scenario...
09:29:47.513 INFO  AUTOMATION - Executed at the end of each scenario, the result is: PASSED
09:29:47.532 INFO  AUTOMATION - Executed at the beginning of each scenario...
09:29:47.845 INFO  AUTOMATION - Executed at the end of each scenario, the result is: FAILED
09:29:47.889 INFO  AUTOMATION - Executed at the beginning of each scenario...
09:29:48.128 INFO  AUTOMATION - Executed at the end of each scenario, the result is: FAILED
09:29:48.156 INFO  AUTOMATION - Executed at the beginning of each scenario...
09:29:48.316 INFO  AUTOMATION - Executed at the end of each scenario, the result is: FAILED
09:29:48.332 INFO  AUTOMATION - Executed at the beginning of each scenario...
09:29:48.508 INFO  AUTOMATION - Executed at the end of each scenario, the result is: FAILED
09:29:48.531 INFO  AUTOMATION - Executed at the beginning of each scenario...
09:29:49.025 INFO  AUTOMATION - Executed at the end of each scenario, the result is: PASSED
09:29:49.037 INFO  AUTOMATION - Executed at the beginning of each scenario...
09:29:49.058 INFO  AUTOMATION - Executed at the end of each scenario, the result is: PASSED
09:29:49.079 INFO  AUTOMATION - Executed at the beginning of each scenario...
09:29:49.113 INFO  AUTOMATION - Executed at the end of each scenario, the result is: PASSED
09:29:49.121 INFO  AUTOMATION - Executed at the end of everything...
