09:29:44.433 INFO  AUTOMATION - Executed at the beginning of everything...
09:29:44.738 INFO  AUTOMATION - Executed at the beginning of each scenario...
09:29:44.855 INFO  AUTOMATION - Executed at the end of each scenario, the result is: PASSED
09:29:44.906 INFO  AUTOMATION - Executed at the beginning of each scenario...
09:29:44.914 INFO  AUTOMATION - Executed at the end of each scenario, the result is: PASSED
09:29:44.951 INFO  AUTOMATION - Executed at the beginning of each scenario...
09:29:44.973 INFO  AUTOMATION - Executed at the end of each scenario, the result is: PASSED
09:29:45.071 INFO  AUTOMATION - Executed at the beginning of each scenario...
09:29:45.072 DEBUG AUTOMATION - Getting the products list from Excel
09:29:45.428 DEBUG org.apache.poi.openxml4j.opc.PackageRelationshipCollection - Parsing relationship: /xl/_rels/workbook.xml.rels
09:29:45.664 DEBUG org.apache.poi.openxml4j.opc.PackageRelationshipCollection - Parsing relationship: /_rels/.rels
09:29:45.820 TRACE org.apache.xmlbeans.impl.common.XBeanDebug - Loading type system org.apache.poi.schemas.ooxml.system.ooxml
09:29:45.828 TRACE org.apache.xmlbeans.impl.common.XBeanDebug - Loading type system org.apache.xmlbeans.metadata.system.sXMLCONFIG
09:29:45.831 TRACE org.apache.xmlbeans.impl.common.XBeanDebug - Loading type system org.apache.xmlbeans.metadata.system.sXMLLANG
09:29:45.833 TRACE org.apache.xmlbeans.impl.common.XBeanDebug - Loading type system org.apache.xmlbeans.metadata.system.sXMLSCHEMA
09:29:45.834 TRACE org.apache.xmlbeans.impl.common.XBeanDebug - Loading type system org.apache.xmlbeans.metadata.system.sXMLTOOLS
09:29:45.838 TRACE org.apache.xmlbeans.impl.common.XBeanDebug - Reading unresolved handles for type system org.apache.xmlbeans.metadata.system.sXMLTOOLS
09:29:45.873 TRACE org.apache.xmlbeans.impl.common.XBeanDebug - Finished loading type system org.apache.xmlbeans.metadata.system.sXMLTOOLS
09:29:45.876 TRACE org.apache.xmlbeans.impl.common.XBeanDebug - Reading unresolved handles for type system org.apache.xmlbeans.metadata.system.sXMLSCHEMA
09:29:45.899 TRACE org.apache.xmlbeans.impl.common.XBeanDebug - Finished loading type system org.apache.xmlbeans.metadata.system.sXMLSCHEMA
09:29:45.904 TRACE org.apache.xmlbeans.impl.common.XBeanDebug - Reading unresolved handles for type system org.apache.xmlbeans.metadata.system.sXMLLANG
09:29:45.907 TRACE org.apache.xmlbeans.impl.common.XBeanDebug - Finished loading type system org.apache.xmlbeans.metadata.system.sXMLLANG
09:29:45.909 TRACE org.apache.xmlbeans.impl.common.XBeanDebug - Reading unresolved handles for type system org.apache.xmlbeans.metadata.system.sXMLCONFIG
09:29:45.912 TRACE org.apache.xmlbeans.impl.common.XBeanDebug - Finished loading type system org.apache.xmlbeans.metadata.system.sXMLCONFIG
09:29:45.914 TRACE org.apache.xmlbeans.impl.common.XBeanDebug - Reading unresolved handles for type system org.apache.poi.schemas.ooxml.system.ooxml
09:29:46.082 TRACE org.apache.xmlbeans.impl.common.XBeanDebug - Finished loading type system org.apache.poi.schemas.ooxml.system.ooxml
09:29:46.086 TRACE org.apache.xmlbeans.impl.common.XBeanDebug - Resolving type for handle stylesheet5d8bdoctype
09:29:46.219 TRACE org.apache.xmlbeans.impl.common.XBeanDebug - Resolving type for handle ctstylesheet4257type
09:29:46.233 TRACE org.apache.xmlbeans.impl.common.XBeanDebug - Resolving type for handle ctnumfmtsb58btype
09:29:46.241 TRACE org.apache.xmlbeans.impl.common.XBeanDebug - Resolving type for handle ctnumfmt3870type
09:29:46.244 TRACE org.apache.xmlbeans.impl.common.XBeanDebug - Resolving type for handle stnumfmtid76fbtype
09:29:46.267 TRACE org.apache.xmlbeans.impl.common.XBeanDebug - Resolving type for handle stxstringf179type
09:29:46.274 TRACE org.apache.xmlbeans.impl.common.XBeanDebug - Resolving type for handle ctfonts6623type
09:29:46.282 TRACE org.apache.xmlbeans.impl.common.XBeanDebug - Resolving type for handle ctfont14d8type
09:29:46.297 TRACE org.apache.xmlbeans.impl.common.XBeanDebug - Resolving type for handle ctfills2c6ftype
09:29:46.302 TRACE org.apache.xmlbeans.impl.common.XBeanDebug - Resolving type for handle ctfill550ctype
09:29:46.308 TRACE org.apache.xmlbeans.impl.common.XBeanDebug - Resolving type for handle ctborders0d66type
09:29:46.315 TRACE org.apache.xmlbeans.impl.common.XBeanDebug - Resolving type for handle ctborderf935type
09:29:46.325 TRACE org.apache.xmlbeans.impl.common.XBeanDebug - Resolving type for handle ctcellxfs1322type
09:29:46.333 TRACE org.apache.xmlbeans.impl.common.XBeanDebug - Resolving type for handle ctxf97f7type
09:29:46.341 TRACE org.apache.xmlbeans.impl.common.XBeanDebug - Resolving type for handle ctcellstylexfsa81ftype
09:29:46.347 TRACE org.apache.xmlbeans.impl.common.XBeanDebug - Resolving type for handle ctdxfsb26atype
09:29:46.358 TRACE org.apache.xmlbeans.impl.common.XBeanDebug - Resolving type for handle cttablestyles872ftype
09:29:46.370 TRACE org.apache.xmlbeans.impl.common.XBeanDebug - Resolving type for handle themefd26doctype
09:29:46.465 TRACE org.apache.xmlbeans.impl.common.XBeanDebug - Resolving type for handle ctrsta472type
09:29:46.506 TRACE org.apache.xmlbeans.impl.common.XBeanDebug - Resolving type for handle stcellstylexfid70c7type
09:29:46.752 DEBUG org.apache.poi.openxml4j.opc.OPCPackage - The close() method is intended to SAVE a package. This package is open in READ ONLY mode, use the revert() method instead!
09:29:46.785 INFO  AUTOMATION - Executed at the end of each scenario, the result is: PASSED
09:29:46.826 INFO  AUTOMATION - Executed at the beginning of each scenario...
09:29:46.826 DEBUG AUTOMATION - Getting the products list from Excel
09:29:46.859 DEBUG org.apache.poi.openxml4j.opc.PackageRelationshipCollection - Parsing relationship: /xl/_rels/workbook.xml.rels
09:29:46.872 DEBUG org.apache.poi.openxml4j.opc.PackageRelationshipCollection - Parsing relationship: /_rels/.rels
09:29:47.128 DEBUG org.apache.poi.openxml4j.opc.OPCPackage - The close() method is intended to SAVE a package. This package is open in READ ONLY mode, use the revert() method instead!
09:29:47.161 INFO  AUTOMATION - Executed at the end of each scenario, the result is: PASSED
09:29:47.200 INFO  AUTOMATION - Executed at the beginning of each scenario...
09:29:47.202 DEBUG AUTOMATION - Getting the products list from Excel
09:29:47.276 DEBUG org.apache.poi.openxml4j.opc.PackageRelationshipCollection - Parsing relationship: /xl/_rels/workbook.xml.rels
09:29:47.300 DEBUG org.apache.poi.openxml4j.opc.PackageRelationshipCollection - Parsing relationship: /_rels/.rels
09:29:47.508 DEBUG org.apache.poi.openxml4j.opc.OPCPackage - The close() method is intended to SAVE a package. This package is open in READ ONLY mode, use the revert() method instead!
09:29:47.513 INFO  AUTOMATION - Executed at the end of each scenario, the result is: PASSED
09:29:47.532 INFO  AUTOMATION - Executed at the beginning of each scenario...
09:29:47.533 DEBUG AUTOMATION - Getting the products list from Excel
09:29:47.590 DEBUG org.apache.poi.openxml4j.opc.PackageRelationshipCollection - Parsing relationship: /xl/_rels/workbook.xml.rels
09:29:47.597 DEBUG org.apache.poi.openxml4j.opc.PackageRelationshipCollection - Parsing relationship: /_rels/.rels
09:29:47.760 DEBUG org.apache.poi.openxml4j.opc.OPCPackage - The close() method is intended to SAVE a package. This package is open in READ ONLY mode, use the revert() method instead!
09:29:47.845 INFO  AUTOMATION - Executed at the end of each scenario, the result is: FAILED
09:29:47.889 INFO  AUTOMATION - Executed at the beginning of each scenario...
09:29:47.890 DEBUG AUTOMATION - Getting the products list from Excel
09:29:47.938 DEBUG org.apache.poi.openxml4j.opc.PackageRelationshipCollection - Parsing relationship: /xl/_rels/workbook.xml.rels
09:29:47.945 DEBUG org.apache.poi.openxml4j.opc.PackageRelationshipCollection - Parsing relationship: /_rels/.rels
09:29:48.109 DEBUG org.apache.poi.openxml4j.opc.OPCPackage - The close() method is intended to SAVE a package. This package is open in READ ONLY mode, use the revert() method instead!
09:29:48.128 INFO  AUTOMATION - Executed at the end of each scenario, the result is: FAILED
09:29:48.156 INFO  AUTOMATION - Executed at the beginning of each scenario...
09:29:48.159 DEBUG AUTOMATION - Getting the products list from Excel
09:29:48.212 DEBUG org.apache.poi.openxml4j.opc.PackageRelationshipCollection - Parsing relationship: /xl/_rels/workbook.xml.rels
09:29:48.230 DEBUG org.apache.poi.openxml4j.opc.PackageRelationshipCollection - Parsing relationship: /_rels/.rels
09:29:48.305 DEBUG org.apache.poi.openxml4j.opc.OPCPackage - The close() method is intended to SAVE a package. This package is open in READ ONLY mode, use the revert() method instead!
09:29:48.316 INFO  AUTOMATION - Executed at the end of each scenario, the result is: FAILED
09:29:48.332 INFO  AUTOMATION - Executed at the beginning of each scenario...
09:29:48.333 DEBUG AUTOMATION - Getting the products list from Excel
09:29:48.393 DEBUG org.apache.poi.openxml4j.opc.PackageRelationshipCollection - Parsing relationship: /xl/_rels/workbook.xml.rels
09:29:48.408 DEBUG org.apache.poi.openxml4j.opc.PackageRelationshipCollection - Parsing relationship: /_rels/.rels
09:29:48.484 DEBUG org.apache.poi.openxml4j.opc.OPCPackage - The close() method is intended to SAVE a package. This package is open in READ ONLY mode, use the revert() method instead!
09:29:48.508 INFO  AUTOMATION - Executed at the end of each scenario, the result is: FAILED
09:29:48.531 INFO  AUTOMATION - Executed at the beginning of each scenario...
09:29:48.532 DEBUG AUTOMATION - Reading the user
09:29:49.025 INFO  AUTOMATION - Executed at the end of each scenario, the result is: PASSED
09:29:49.037 INFO  AUTOMATION - Executed at the beginning of each scenario...
09:29:49.038 DEBUG AUTOMATION - Reading the user
09:29:49.058 INFO  AUTOMATION - Executed at the end of each scenario, the result is: PASSED
09:29:49.079 INFO  AUTOMATION - Executed at the beginning of each scenario...
09:29:49.079 DEBUG AUTOMATION - Reading the user
09:29:49.113 INFO  AUTOMATION - Executed at the end of each scenario, the result is: PASSED
09:29:49.121 INFO  AUTOMATION - Executed at the end of everything...
